<?xml version="1.0" encoding="UTF-8"?>
<!-- Generated by org.testng.reporters.JUnitReportReporter -->
<testsuite hostname="Debomalya" name="com.test.TestNGBasics" tests="1" failures="0" timestamp="20 May 2019 13:09:15 GMT" time="0.020" errors="0">
  <testcase name="googleurltitile" time="0.020" classname="com.test.TestNGBasics"/>
</testsuite> <!-- com.test.TestNGBasics -->
