<?xml version="1.0" encoding="UTF-8"?>
<!-- Generated by org.testng.reporters.JUnitReportReporter -->
<testsuite skipped="0" hostname="DEBOMALYA-PC" name="testpackages.DataProviderDemo" tests="2" failures="0" timestamp="28 May 2019 03:50:01 GMT" time="0.031" errors="0">
  <testcase name="testLogin" time="0.014" classname="testpackages.DataProviderDemo"/>
  <testcase name="testLogin" time="0.017" classname="testpackages.DataProviderDemo"/>
</testsuite> <!-- testpackages.DataProviderDemo -->
