<?xml version="1.0" encoding="UTF-8"?>
<!-- Generated by org.testng.reporters.JUnitReportReporter -->
<testsuite skipped="0" hostname="DEBOMALYA-PC" name="practice.MultiSelectHandling" tests="1" failures="0" timestamp="27 May 2019 06:17:26 GMT" time="19.353" errors="0">
  <testcase name="multiSelect" time="19.353" classname="practice.MultiSelectHandling"/>
</testsuite> <!-- practice.MultiSelectHandling -->
