<?xml version="1.0" encoding="UTF-8"?>
<!-- Generated by org.testng.reporters.JUnitReportReporter -->
<testsuite hostname="Debomalya" name="com.test.ExceptionTimeoutTest" tests="1" failures="0" timestamp="23 May 2019 14:14:38 GMT" time="0.028" errors="0">
  <testcase name="NumberFormatExceptionTest" time="0.028" classname="com.test.ExceptionTimeoutTest"/>
</testsuite> <!-- com.test.ExceptionTimeoutTest -->
